f:\silnik2d\x64\debug\vc143.pdb
f:\silnik2d\x64\debug\vc143.idb
f:\silnik2d\x64\debug\primitives.obj
f:\silnik2d\x64\debug\main.obj
f:\silnik2d\x64\debug\engine.obj
f:\silnik2d\x64\debug\silnik2d.pdb
f:\silnik2d\x64\debug\silnik2d.tlog\cl.command.1.tlog
f:\silnik2d\x64\debug\silnik2d.tlog\cl.items.tlog
f:\silnik2d\x64\debug\silnik2d.tlog\cl.read.1.tlog
f:\silnik2d\x64\debug\silnik2d.tlog\cl.write.1.tlog
f:\silnik2d\x64\debug\silnik2d.tlog\link-cvtres.read.1.tlog
f:\silnik2d\x64\debug\silnik2d.tlog\link-cvtres.write.1.tlog
f:\silnik2d\x64\debug\silnik2d.tlog\link-rc.read.1.tlog
f:\silnik2d\x64\debug\silnik2d.tlog\link-rc.write.1.tlog
f:\silnik2d\x64\debug\silnik2d.tlog\link.10876-cvtres.read.1.tlog
f:\silnik2d\x64\debug\silnik2d.tlog\link.10876-cvtres.write.1.tlog
f:\silnik2d\x64\debug\silnik2d.tlog\link.10876-rc.read.1.tlog
f:\silnik2d\x64\debug\silnik2d.tlog\link.10876-rc.write.1.tlog
f:\silnik2d\x64\debug\silnik2d.tlog\link.10876.read.1.tlog
f:\silnik2d\x64\debug\silnik2d.tlog\link.10876.read.2.tlog
f:\silnik2d\x64\debug\silnik2d.tlog\link.10876.write.1.tlog
f:\silnik2d\x64\debug\silnik2d.tlog\link.command.1.tlog
f:\silnik2d\x64\debug\silnik2d.tlog\link.read.1.tlog
f:\silnik2d\x64\debug\silnik2d.tlog\link.read.2.tlog
f:\silnik2d\x64\debug\silnik2d.tlog\link.write.1.tlog
